Application/build/outputs/logs/manifest-merger-debug-report.txt
-- Merging decision tree log ---
manifest
ADDED from src\main\AndroidManifest.xml:17:1-62:12
	package
		ADDED from src\main\AndroidManifest.xml:18:5-50
	android:versionName
		ADDED from src\main\AndroidManifest.xml:20:5-30
	android:versionCode
		ADDED from src\main\AndroidManifest.xml:19:5-28
		INJECTED from src\main\AndroidManifest.xml
		INJECTED from src\main\AndroidManifest.xml
	xmlns:android
		ADDED from src\main\AndroidManifest.xml:17:11-69
uses-feature#android.hardware.bluetooth_le
ADDED from src\main\AndroidManifest.xml:31:5-33:35
	android:required
		ADDED from src\main\AndroidManifest.xml:33:9-32
	android:name
		ADDED from src\main\AndroidManifest.xml:32:9-53
uses-permission#android.permission.BLUETOOTH
ADDED from src\main\AndroidManifest.xml:35:5-68
	android:name
		ADDED from src\main\AndroidManifest.xml:35:22-65
uses-permission#android.permission.BLUETOOTH_ADMIN
ADDED from src\main\AndroidManifest.xml:36:5-74
	android:name
		ADDED from src\main\AndroidManifest.xml:36:22-71
uses-permission#android.permission.VIBRATE
ADDED from src\main\AndroidManifest.xml:37:5-65
	android:name
		ADDED from src\main\AndroidManifest.xml:37:22-63
application
ADDED from src\main\AndroidManifest.xml:38:5-60:19
MERGED from [com.android.support:support-v4:21.0.2] AndroidManifest.xml:16:5-19
MERGED from [com.android.support:support-v13:21.0.2] AndroidManifest.xml:16:5-19
MERGED from [com.android.support:support-v4:21.0.2] AndroidManifest.xml:16:5-19
MERGED from [com.android.support:cardview-v7:21.0.2] AndroidManifest.xml:16:5-19
	android:label
		ADDED from src\main\AndroidManifest.xml:40:9-41
	android:icon
		ADDED from src\main\AndroidManifest.xml:39:9-45
	android:theme
		ADDED from src\main\AndroidManifest.xml:41:9-56
activity#com.example.android.bluetoothlegatt.DeviceScanActivity
ADDED from src\main\AndroidManifest.xml:42:9-50:20
	android:label
		ADDED from src\main\AndroidManifest.xml:44:13-45
	android:name
		ADDED from src\main\AndroidManifest.xml:43:13-47
intent-filter#android.intent.action.MAIN+android.intent.category.LAUNCHER
ADDED from src\main\AndroidManifest.xml:45:13-49:29
action#android.intent.action.MAIN
ADDED from src\main\AndroidManifest.xml:46:17-69
	android:name
		ADDED from src\main\AndroidManifest.xml:46:25-66
category#android.intent.category.LAUNCHER
ADDED from src\main\AndroidManifest.xml:48:17-77
	android:name
		ADDED from src\main\AndroidManifest.xml:48:27-74
activity#com.example.android.bluetoothlegatt.DeviceControlActivity
ADDED from src\main\AndroidManifest.xml:51:9-59
	android:name
		ADDED from src\main\AndroidManifest.xml:51:19-56
service#com.example.android.bluetoothlegatt.BluetoothLeService
ADDED from src\main\AndroidManifest.xml:53:9-55:38
	android:enabled
		ADDED from src\main\AndroidManifest.xml:55:13-35
	android:name
		ADDED from src\main\AndroidManifest.xml:54:13-47
activity#com.example.android.bluetoothlegatt.SerialPortAssistant
ADDED from src\main\AndroidManifest.xml:57:9-59:76
	android:label
		ADDED from src\main\AndroidManifest.xml:59:13-73
	android:name
		ADDED from src\main\AndroidManifest.xml:58:13-48
uses-sdk
INJECTED from src\main\AndroidManifest.xml reason: use-sdk injection requested
MERGED from [com.android.support:support-v4:21.0.2] AndroidManifest.xml:15:5-42
MERGED from [com.android.support:support-v13:21.0.2] AndroidManifest.xml:15:5-43
MERGED from [com.android.support:support-v4:21.0.2] AndroidManifest.xml:15:5-42
MERGED from [com.android.support:cardview-v7:21.0.2] AndroidManifest.xml:15:5-42
	android:targetSdkVersion
		INJECTED from src\main\AndroidManifest.xml
		INJECTED from src\main\AndroidManifest.xml
	android:minSdkVersion
		INJECTED from src\main\AndroidManifest.xml
		INJECTED from src\main\AndroidManifest.xml